#
# A fatal error has been detected by the Java Runtime Environment:
#
#  EXCEPTION_ACCESS_VIOLATION (0xc0000005) at pc=0x0000000002786de2, pid=5964, tid=1884
#
# JRE version: 6.0_45-b06
# Java VM: Java HotSpot(TM) 64-Bit Server VM (20.45-b01 mixed mode windows-amd64 compressed oops)
# Problematic frame:
# J  com.ctriposs.lcache.table.HashMapTable.get([B)Lcom/ctriposs/lcache/table/GetResult;
#
# If you would like to submit a bug report, please visit:
#   http://java.sun.com/webapps/bugreport/crash.jsp
#

---------------  T H R E A D  ---------------

Current thread (0x000000001000d000):  JavaThread "pool-1-thread-3" [_thread_in_Java, id=1884, stack(0x0000000010990000,0x0000000010a90000)]

siginfo: ExceptionCode=0xc0000005, reading address 0x0000000007a8b294

Registers:
RAX=0x00000007d063f040, RBX=0x000000000001a294, RCX=0x00000000f9b82948, RDX=0x000000000000000a
RSP=0x0000000010a8f490, RBP=0x00000000f9b8294f, RSI=0x00000007cfd77710, RDI=0x0000000000000035
R8 =0x000000000001a270, R9 =0x0000000007a71000, R10=0x00000007cdc14a78, R11=0x0000000000500000
R12=0x0000000000000000, R13=0x0000000010a8f520, R14=0x000000075ca6f3b0, R15=0x000000001000d000
RIP=0x0000000002786de2, EFLAGS=0x0000000000010283

Top of Stack: (sp=0x0000000010a8f490)
0x0000000010a8f490:   0000000000000000 000000075c5532b0
0x0000000010a8f4a0:   00000007cf7e62e8 000000000000000a
0x0000000010a8f4b0:   00000007d063efe8 00000007d063f040
0x0000000010a8f4c0:   000000070000000a 0000000000000a76
0x0000000010a8f4d0:   000000000000000a 00000007cdb94398
0x0000000010a8f4e0:   00000007d063f008 00000007d063ef38
0x0000000010a8f4f0:   0000000010a8f570 0000000002685b22
0x0000000010a8f500:   0000000010a8f570 00000000026859c9
0x0000000010a8f510:   00000000026859c9 00000000026859c9
0x0000000010a8f520:   00000007d063efe8 00000007cdb94398
0x0000000010a8f530:   0000000010a8f530 000000075ca65ca0
0x0000000010a8f540:   0000000010a8f5a8 000000075ca66198
0x0000000010a8f550:   000000075ca6f3b0 000000075ca65e08
0x0000000010a8f560:   0000000010a8f520 0000000010a8f5a8
0x0000000010a8f570:   0000000010a8f5f0 0000000002685ffc
0x0000000010a8f580:   00000007d063e4e0 00000007d063c498 

Instructions: (pc=0x0000000002786de2)
0x0000000002786dc2:   00 00 4d 8d 14 ec 45 85 c9 0f 8c a4 07 00 00 45
0x0000000002786dd2:   8b 5a 1c 45 3b cb 0f 8d 97 07 00 00 4d 8b 4a 10
0x0000000002786de2:   41 0f b6 1c 19 f7 c3 04 00 00 00 0f 84 2a 09 00
0x0000000002786df2:   00 45 85 c0 0f 8c 99 07 00 00 45 2b d8 41 83 fb 


Register to memory mapping:

RAX=0x00000007d063f040 is an oop
com.ctriposs.lcache.table.OffHeapMapEntryImpl 
 - klass: 'com/ctriposs/lcache/table/OffHeapMapEntryImpl'
RBX=0x000000000001a294 is an unknown value
RCX=0x00000000f9b82948 is an unknown value
RDX=0x000000000000000a is an unknown value
RSP=0x0000000010a8f490 is pointing into the stack for thread: 0x000000001000d000
RBP=0x00000000f9b8294f is an unknown value
RSI=0x00000007cfd77710 is an oop
[B 
 - klass: {type array byte}
 - length: 10
RDI=0x0000000000000035 is an unknown value
R8 =0x000000000001a270 is an unknown value
R9 =0x0000000007a71000 is an unknown value
R10=0x00000007cdc14a78 is an oop
java.nio.DirectByteBuffer 
 - klass: 'java/nio/DirectByteBuffer'
R11=0x0000000000500000 is an unknown value
R12=0x0000000000000000 is an unknown value
R13=0x0000000010a8f520 is pointing into the stack for thread: 0x000000001000d000
R14=0x000000075ca6f3b0 is an oop
{method data} 
 - klass: {other class}
R15=0x000000001000d000 is a thread


Stack: [0x0000000010990000,0x0000000010a90000],  sp=0x0000000010a8f490,  free space=1021k
Native frames: (J=compiled Java code, j=interpreted, Vv=VM code, C=native code)
J  com.ctriposs.lcache.table.HashMapTable.get([B)Lcom/ctriposs/lcache/table/GetResult;


---------------  P R O C E S S  ---------------

Java Threads: ( => current thread )
  0x0000000010276000 JavaThread "pool-1-thread-4" [_thread_in_Java, id=4192, stack(0x0000000010a90000,0x0000000010b90000)]
=>0x000000001000d000 JavaThread "pool-1-thread-3" [_thread_in_Java, id=1884, stack(0x0000000010990000,0x0000000010a90000)]
  0x000000001000c000 JavaThread "pool-1-thread-2" [_thread_in_Java, id=3388, stack(0x0000000010890000,0x0000000010990000)]
  0x0000000010279800 JavaThread "pool-1-thread-1" [_thread_in_Java, id=228, stack(0x0000000010790000,0x0000000010890000)]
  0x0000000006aa4800 JavaThread "Low Memory Detector" daemon [_thread_blocked, id=9232, stack(0x0000000007140000,0x0000000007240000)]
  0x0000000006aa4000 JavaThread "C2 CompilerThread1" daemon [_thread_blocked, id=5996, stack(0x0000000007040000,0x0000000007140000)]
  0x0000000006aa2800 JavaThread "C2 CompilerThread0" daemon [_thread_blocked, id=3976, stack(0x0000000006f40000,0x0000000007040000)]
  0x0000000006a55800 JavaThread "Attach Listener" daemon [_thread_blocked, id=7968, stack(0x0000000006e40000,0x0000000006f40000)]
  0x0000000006a54000 JavaThread "Signal Dispatcher" daemon [_thread_blocked, id=11528, stack(0x0000000006d40000,0x0000000006e40000)]
  0x00000000003b7000 JavaThread "Finalizer" daemon [_thread_blocked, id=7816, stack(0x0000000006c40000,0x0000000006d40000)]
  0x00000000003b5800 JavaThread "Reference Handler" daemon [_thread_blocked, id=4512, stack(0x0000000006940000,0x0000000006a40000)]
  0x00000000002bc000 JavaThread "main" [_thread_blocked, id=12084, stack(0x0000000002580000,0x0000000002680000)]

Other Threads:
  0x00000000003ae000 VMThread [stack: 0x0000000006840000,0x0000000006940000] [id=7240]
  0x0000000006aad800 WatcherThread [stack: 0x0000000007240000,0x0000000007340000] [id=4104]

VM state:not at safepoint (normal execution)

VM Mutex/Monitor currently owned by a thread: None

Heap
 PSYoungGen      total 330304K, used 95183K [0x00000007cb200000, 0x00000007dfae0000, 0x0000000800000000)
  eden space 324416K, 29% used [0x00000007cb200000,0x00000007d0e23f20,0x00000007deed0000)
  from space 5888K, 14% used [0x00000007df4c0000,0x00000007df590000,0x00000007dfa80000)
  to   space 6080K, 0% used [0x00000007deed0000,0x00000007deed0000,0x00000007df4c0000)
 PSOldGen        total 108288K, used 3952K [0x0000000761600000, 0x0000000767fc0000, 0x00000007cb200000)
  object space 108288K, 3% used [0x0000000761600000,0x00000007619dc190,0x0000000767fc0000)
 PSPermGen       total 21248K, used 6630K [0x000000075c400000, 0x000000075d8c0000, 0x0000000761600000)
  object space 21248K, 31% used [0x000000075c400000,0x000000075ca79808,0x000000075d8c0000)

Code Cache  [0x0000000002680000, 0x00000000028f0000, 0x0000000005680000)
 total_blobs=617 nmethods=383 adapters=187 free_code_cache=49171264 largest_free_block=8576

Dynamic libraries:
0x0000000000400000 - 0x000000000042f000 	D:\tools\sdk\jdk1.6.0_45\bin\javaw.exe
0x0000000076f90000 - 0x0000000077139000 	C:\Windows\SYSTEM32\ntdll.dll
0x0000000076e70000 - 0x0000000076f8f000 	C:\Windows\system32\kernel32.dll
0x000007fefd6b0000 - 0x000007fefd71b000 	C:\Windows\system32\KERNELBASE.dll
0x000007fefdc60000 - 0x000007fefdd3b000 	C:\Windows\system32\ADVAPI32.dll
0x000007fefef80000 - 0x000007feff01f000 	C:\Windows\system32\msvcrt.dll
0x000007fefed50000 - 0x000007fefed6f000 	C:\Windows\SYSTEM32\sechost.dll
0x000007fefd7c0000 - 0x000007fefd8ed000 	C:\Windows\system32\RPCRT4.dll
0x0000000076a00000 - 0x0000000076afa000 	C:\Windows\system32\USER32.dll
0x000007feff020000 - 0x000007feff087000 	C:\Windows\system32\GDI32.dll
0x000007feff230000 - 0x000007feff23e000 	C:\Windows\system32\LPK.dll
0x000007feff0c0000 - 0x000007feff189000 	C:\Windows\system32\USP10.dll
0x000007feff090000 - 0x000007feff0be000 	C:\Windows\system32\IMM32.DLL
0x000007fefedd0000 - 0x000007fefeed9000 	C:\Windows\system32\MSCTF.dll
0x000000006d8e0000 - 0x000000006e09c000 	D:\tools\sdk\jdk1.6.0_45\jre\bin\server\jvm.dll
0x000007fefa100000 - 0x000007fefa13b000 	C:\Windows\system32\WINMM.dll
0x000000006d850000 - 0x000000006d85e000 	D:\tools\sdk\jdk1.6.0_45\jre\bin\verify.dll
0x000000006d460000 - 0x000000006d487000 	D:\tools\sdk\jdk1.6.0_45\jre\bin\java.dll
0x000000006d8a0000 - 0x000000006d8b2000 	D:\tools\sdk\jdk1.6.0_45\jre\bin\zip.dll
0x000000006d6c0000 - 0x000000006d6d7000 	D:\tools\sdk\jdk1.6.0_45\jre\bin\net.dll
0x000007feff240000 - 0x000007feff28d000 	C:\Windows\system32\WS2_32.dll
0x000007feff290000 - 0x000007feff298000 	C:\Windows\system32\NSI.dll
0x000007fefcc60000 - 0x000007fefccb5000 	C:\Windows\system32\mswsock.dll
0x000007fefcc50000 - 0x000007fefcc57000 	C:\Windows\System32\wship6.dll
0x000007fefc620000 - 0x000007fefc627000 	C:\Windows\System32\wshtcpip.dll
0x00000000695c0000 - 0x0000000069664000 	C:\Users\Administrator\AppData\Local\Temp\snappy-1.0.4.1-snappyjava.dll
0x0000000077150000 - 0x0000000077157000 	C:\Windows\system32\PSAPI.DLL

VM Arguments:
jvm_args: -Dfile.encoding=GBK 
java_command: org.eclipse.jdt.internal.junit.runner.RemoteTestRunner -version 3 -port 11161 -testLoaderClass org.eclipse.jdt.internal.junit4.runner.JUnit4TestLoader -loaderpluginname org.eclipse.jdt.junit4.runtime -classNames com.ctriposs.lcache.table.HashMapTablePerfTest
Launcher Type: SUN_STANDARD

Environment Variables:
JAVA_HOME=D:\tools\sdk\jdk1.7.0_45
PATH=D:\tools\Ruby193\bin;C:\Windows\system32;C:\Windows;C:\Windows\System32\Wbem;C:\Windows\System32\WindowsPowerShell\v1.0\;D:\study3\play-2.1.5;D:\tools\sdk\jdk1.7.0_45\bin;C:\Program Files\Microsoft\Web Platform Installer\;C:\Program Files (x86)\Microsoft ASP.NET\ASP.NET Web Pages\v1.0\;C:\Program Files (x86)\Windows Kits\8.0\Windows Performance Toolkit\;C:\Program Files\Microsoft SQL Server\110\Tools\Binn\;c:\Program Files (x86)\Microsoft SQL Server\100\Tools\Binn\;c:\Program Files\Microsoft SQL Server\100\Tools\Binn\;c:\Program Files\Microsoft SQL Server\100\DTS\Binn\;D:\tools\apache-maven-3.1.1\bin;D:\tools\Git\cmd;D:\tools\groovy-2.1.7\bin;D:\tools\gradle-1.11\bin;D:\tools\apache-cassandra-1.1.12\bin
USERNAME=Administrator
OS=Windows_NT
PROCESSOR_IDENTIFIER=Intel64 Family 6 Model 42 Stepping 7, GenuineIntel



---------------  S Y S T E M  ---------------

OS: Windows 7 , 64 bit Build 7601 Service Pack 1

CPU:total 4 (2 cores per cpu, 2 threads per core) family 6 model 42 stepping 7, cmov, cx8, fxsr, mmx, sse, sse2, sse3, ssse3, sse4.1, sse4.2, popcnt, ht

Memory: 4k page, physical 10394864k(7575252k free), swap 20787864k(17365840k free)

vm_info: Java HotSpot(TM) 64-Bit Server VM (20.45-b01) for windows-amd64 JRE (1.6.0_45-b06), built on Apr  1 2013 12:31:37 by "java_re" with MS VC++ 8.0 (VS2005)

time: Sun Jun 01 03:26:00 2014
elapsed time: 2 seconds

