#
# A fatal error has been detected by the Java Runtime Environment:
#
#  EXCEPTION_ACCESS_VIOLATION (0xc0000005) at pc=0x00000000025d86ea, pid=10608, tid=5820
#
# JRE version: 6.0_45-b06
# Java VM: Java HotSpot(TM) 64-Bit Server VM (20.45-b01 mixed mode windows-amd64 compressed oops)
# Problematic frame:
# J  com.ctriposs.lcache.offheap.DirectOffHeapMemory.putLong(JJ)V
#
# If you would like to submit a bug report, please visit:
#   http://java.sun.com/webapps/bugreport/crash.jsp
#

---------------  T H R E A D  ---------------

Current thread (0x0000000006b1e800):  JavaThread "pool-1-thread-4" [_thread_in_Java, id=5820, stack(0x00000000109b0000,0x0000000010ab0000)]

siginfo: ExceptionCode=0xc0000005, writing address 0x0000000007ab9280

Registers:
RAX=0x000000075c91b098, RBX=0x0000000007a91000, RCX=0x00000007cdc12d08, RDX=0x00000007cdc12cd0
RSP=0x0000000010aaf500, RBP=0x0000000010aaf5b0, RSI=0x00000000ffffffff, RDI=0x0000000002545a0e
R8 =0x0000000000000001, R9 =0x00000000000f3ded, R10=0x0000000007a91000, R11=0x0000000000028280
R12=0x0000000000000000, R13=0x0000000010aaf548, R14=0x000000075ca032d8, R15=0x0000000006b1e800
RIP=0x00000000025d86ea, EFLAGS=0x0000000000010202

Top of Stack: (sp=0x0000000010aaf500)
0x0000000010aaf500:   0000000010aaf558 0000000002545b22
0x0000000010aaf510:   00000007cdb92678 0000000010aaf518
0x0000000010aaf520:   000000075c679dac 0000000010aaf568
0x0000000010aaf530:   0000000010aaf5b0 0000000002545b22
0x0000000010aaf540:   0000000002545b22 00000000000f3ded
0x0000000010aaf550:   0000000010aaf5b0 0000000000028280
0x0000000010aaf560:   0000000000000028 00000007cdc12cd0
0x0000000010aaf570:   0000000010aaf570 000000075c7f186e
0x0000000010aaf580:   0000000010aaf650 000000075c8ede38
0x0000000010aaf590:   000000075ca032d8 000000075c7f1a10
0x0000000010aaf5a0:   0000000010aaf548 0000000010aaf660
0x0000000010aaf5b0:   0000000000000072 00000000025fa31c
0x0000000010aaf5c0:   0000000000000000 0000000000028280
0x0000000010aaf5d0:   0000000000000000 0000000000000005
0x0000000010aaf5e0:   0000000000000138 00000000000f3ded
0x0000000010aaf5f0:   0000000000000000 0000000000001010 

Instructions: (pc=0x00000000025d86ea)
0x00000000025d86ca:   8b 59 1c 45 2b da 41 83 fb 08 7c 3b 48 8b 59 10
0x00000000025d86da:   44 0f b6 41 2a 4d 63 da 45 85 c0 74 42 4c 8b d3
0x00000000025d86ea:   4f 89 0c 1a 48 83 c4 30 5d 85 05 07 79 d3 fd c3
0x00000000025d86fa:   ba de ff ff ff 8b e9 44 89 14 24 4c 89 4c 24 08 


Register to memory mapping:

RAX=0x000000075c91b098 is an oop
{method} 
 - klass: {other class}
RBX=0x0000000007a91000 is an unknown value
RCX=0x00000007cdc12d08 is an oop
java.nio.DirectByteBuffer 
 - klass: 'java/nio/DirectByteBuffer'
RDX=0x00000007cdc12cd0 is an oop
com.ctriposs.lcache.offheap.DirectOffHeapMemory 
 - klass: 'com/ctriposs/lcache/offheap/DirectOffHeapMemory'
RSP=0x0000000010aaf500 is pointing into the stack for thread: 0x0000000006b1e800
RBP=0x0000000010aaf5b0 is pointing into the stack for thread: 0x0000000006b1e800
RSI=0x00000000ffffffff is an unknown value
RDI=0x0000000002545a0e is an Interpreter codelet
return entry points  [0x00000000025451e0, 0x00000000025467a0]  5568 bytes
R8 =0x0000000000000001 is an unknown value
R9 =0x00000000000f3ded is an unknown value
R10=0x0000000007a91000 is an unknown value
R11=0x0000000000028280 is an unknown value
R12=0x0000000000000000 is an unknown value
R13=0x0000000010aaf548 is pointing into the stack for thread: 0x0000000006b1e800
R14=0x000000075ca032d8 is an oop
{method data} 
 - klass: {other class}
R15=0x0000000006b1e800 is a thread


Stack: [0x00000000109b0000,0x0000000010ab0000],  sp=0x0000000010aaf500,  free space=1021k
Native frames: (J=compiled Java code, j=interpreted, Vv=VM code, C=native code)
J  com.ctriposs.lcache.offheap.DirectOffHeapMemory.putLong(JJ)V


---------------  P R O C E S S  ---------------

Java Threads: ( => current thread )
=>0x0000000006b1e800 JavaThread "pool-1-thread-4" [_thread_in_Java, id=5820, stack(0x00000000109b0000,0x0000000010ab0000)]
  0x0000000006b1d800 JavaThread "pool-1-thread-3" [_thread_blocked, id=5224, stack(0x00000000108b0000,0x00000000109b0000)]
  0x0000000006b1d000 JavaThread "pool-1-thread-2" [_thread_in_Java, id=10004, stack(0x00000000107b0000,0x00000000108b0000)]
  0x0000000006b1c000 JavaThread "pool-1-thread-1" [_thread_blocked, id=1184, stack(0x00000000074c0000,0x00000000075c0000)]
  0x0000000006b1b000 JavaThread "Low Memory Detector" daemon [_thread_blocked, id=7780, stack(0x00000000070c0000,0x00000000071c0000)]
  0x0000000006b2f800 JavaThread "C2 CompilerThread1" daemon [_thread_blocked, id=5812, stack(0x0000000006fc0000,0x00000000070c0000)]
  0x0000000006ad5000 JavaThread "C2 CompilerThread0" daemon [_thread_blocked, id=7040, stack(0x0000000006ec0000,0x0000000006fc0000)]
  0x0000000006b1a000 JavaThread "Attach Listener" daemon [_thread_blocked, id=7872, stack(0x0000000006dc0000,0x0000000006ec0000)]
  0x0000000006b19800 JavaThread "Signal Dispatcher" daemon [_thread_blocked, id=2364, stack(0x0000000006cc0000,0x0000000006dc0000)]
  0x00000000002cc800 JavaThread "Finalizer" daemon [_thread_blocked, id=6676, stack(0x00000000069c0000,0x0000000006ac0000)]
  0x00000000002c5800 JavaThread "Reference Handler" daemon [_thread_blocked, id=9988, stack(0x00000000068c0000,0x00000000069c0000)]
  0x00000000003bc000 JavaThread "main" [_thread_blocked, id=10840, stack(0x0000000002440000,0x0000000002540000)]

Other Threads:
  0x00000000002be000 VMThread [stack: 0x00000000067c0000,0x00000000068c0000] [id=7880]
  0x0000000006b47000 WatcherThread [stack: 0x00000000071c0000,0x00000000072c0000] [id=8484]

VM state:not at safepoint (normal execution)

VM Mutex/Monitor currently owned by a thread: None

Heap
 PSYoungGen      total 330368K, used 108160K [0x00000007cb200000, 0x00000007dfb00000, 0x0000000800000000)
  eden space 324416K, 33% used [0x00000007cb200000,0x00000007d1ad0228,0x00000007deed0000)
  from space 5952K, 13% used [0x00000007df4d0000,0x00000007df5a0000,0x00000007dfaa0000)
  to   space 6144K, 0% used [0x00000007deed0000,0x00000007deed0000,0x00000007df4d0000)
 PSOldGen        total 108288K, used 3960K [0x0000000761600000, 0x0000000767fc0000, 0x00000007cb200000)
  object space 108288K, 3% used [0x0000000761600000,0x00000007619de190,0x0000000767fc0000)
 PSPermGen       total 21248K, used 6630K [0x000000075c400000, 0x000000075d8c0000, 0x0000000761600000)
  object space 21248K, 31% used [0x000000075c400000,0x000000075ca79820,0x000000075d8c0000)

Code Cache  [0x0000000002540000, 0x00000000027b0000, 0x0000000005540000)
 total_blobs=629 nmethods=395 adapters=187 free_code_cache=49155200 largest_free_block=8512

Dynamic libraries:
0x0000000000400000 - 0x000000000042f000 	D:\tools\sdk\jdk1.6.0_45\bin\javaw.exe
0x0000000076f90000 - 0x0000000077139000 	C:\Windows\SYSTEM32\ntdll.dll
0x0000000076e70000 - 0x0000000076f8f000 	C:\Windows\system32\kernel32.dll
0x000007fefd6b0000 - 0x000007fefd71b000 	C:\Windows\system32\KERNELBASE.dll
0x000007fefdc60000 - 0x000007fefdd3b000 	C:\Windows\system32\ADVAPI32.dll
0x000007fefef80000 - 0x000007feff01f000 	C:\Windows\system32\msvcrt.dll
0x000007fefed50000 - 0x000007fefed6f000 	C:\Windows\SYSTEM32\sechost.dll
0x000007fefd7c0000 - 0x000007fefd8ed000 	C:\Windows\system32\RPCRT4.dll
0x0000000076a00000 - 0x0000000076afa000 	C:\Windows\system32\USER32.dll
0x000007feff020000 - 0x000007feff087000 	C:\Windows\system32\GDI32.dll
0x000007feff230000 - 0x000007feff23e000 	C:\Windows\system32\LPK.dll
0x000007feff0c0000 - 0x000007feff189000 	C:\Windows\system32\USP10.dll
0x000007feff090000 - 0x000007feff0be000 	C:\Windows\system32\IMM32.DLL
0x000007fefedd0000 - 0x000007fefeed9000 	C:\Windows\system32\MSCTF.dll
0x000000006d8e0000 - 0x000000006e09c000 	D:\tools\sdk\jdk1.6.0_45\jre\bin\server\jvm.dll
0x000007fefa100000 - 0x000007fefa13b000 	C:\Windows\system32\WINMM.dll
0x000000006d850000 - 0x000000006d85e000 	D:\tools\sdk\jdk1.6.0_45\jre\bin\verify.dll
0x000000006d460000 - 0x000000006d487000 	D:\tools\sdk\jdk1.6.0_45\jre\bin\java.dll
0x000000006d8a0000 - 0x000000006d8b2000 	D:\tools\sdk\jdk1.6.0_45\jre\bin\zip.dll
0x000000006d6c0000 - 0x000000006d6d7000 	D:\tools\sdk\jdk1.6.0_45\jre\bin\net.dll
0x000007feff240000 - 0x000007feff28d000 	C:\Windows\system32\WS2_32.dll
0x000007feff290000 - 0x000007feff298000 	C:\Windows\system32\NSI.dll
0x000007fefcc60000 - 0x000007fefccb5000 	C:\Windows\system32\mswsock.dll
0x000007fefcc50000 - 0x000007fefcc57000 	C:\Windows\System32\wship6.dll
0x000007fefc620000 - 0x000007fefc627000 	C:\Windows\System32\wshtcpip.dll
0x00000000695c0000 - 0x0000000069664000 	C:\Users\Administrator\AppData\Local\Temp\snappy-1.0.4.1-snappyjava.dll
0x0000000077150000 - 0x0000000077157000 	C:\Windows\system32\PSAPI.DLL

VM Arguments:
jvm_args: -Dfile.encoding=GBK 
java_command: org.eclipse.jdt.internal.junit.runner.RemoteTestRunner -version 3 -port 11180 -testLoaderClass org.eclipse.jdt.internal.junit4.runner.JUnit4TestLoader -loaderpluginname org.eclipse.jdt.junit4.runtime -classNames com.ctriposs.lcache.table.HashMapTablePerfTest
Launcher Type: SUN_STANDARD

Environment Variables:
JAVA_HOME=D:\tools\sdk\jdk1.7.0_45
PATH=D:\tools\Ruby193\bin;C:\Windows\system32;C:\Windows;C:\Windows\System32\Wbem;C:\Windows\System32\WindowsPowerShell\v1.0\;D:\study3\play-2.1.5;D:\tools\sdk\jdk1.7.0_45\bin;C:\Program Files\Microsoft\Web Platform Installer\;C:\Program Files (x86)\Microsoft ASP.NET\ASP.NET Web Pages\v1.0\;C:\Program Files (x86)\Windows Kits\8.0\Windows Performance Toolkit\;C:\Program Files\Microsoft SQL Server\110\Tools\Binn\;c:\Program Files (x86)\Microsoft SQL Server\100\Tools\Binn\;c:\Program Files\Microsoft SQL Server\100\Tools\Binn\;c:\Program Files\Microsoft SQL Server\100\DTS\Binn\;D:\tools\apache-maven-3.1.1\bin;D:\tools\Git\cmd;D:\tools\groovy-2.1.7\bin;D:\tools\gradle-1.11\bin;D:\tools\apache-cassandra-1.1.12\bin
USERNAME=Administrator
OS=Windows_NT
PROCESSOR_IDENTIFIER=Intel64 Family 6 Model 42 Stepping 7, GenuineIntel



---------------  S Y S T E M  ---------------

OS: Windows 7 , 64 bit Build 7601 Service Pack 1

CPU:total 4 (2 cores per cpu, 2 threads per core) family 6 model 42 stepping 7, cmov, cx8, fxsr, mmx, sse, sse2, sse3, ssse3, sse4.1, sse4.2, popcnt, ht

Memory: 4k page, physical 10394864k(7608860k free), swap 20787864k(17416560k free)

vm_info: Java HotSpot(TM) 64-Bit Server VM (20.45-b01) for windows-amd64 JRE (1.6.0_45-b06), built on Apr  1 2013 12:31:37 by "java_re" with MS VC++ 8.0 (VS2005)

time: Sun Jun 01 03:29:46 2014
elapsed time: 2 seconds

