#
# A fatal error has been detected by the Java Runtime Environment:
#
#  EXCEPTION_ACCESS_VIOLATION (0xc0000005) at pc=0x0000000002551694, pid=9564, tid=9600
#
# JRE version: 6.0_45-b06
# Java VM: Java HotSpot(TM) 64-Bit Server VM (20.45-b01 mixed mode windows-amd64 compressed oops)
# Problematic frame:
# v  ~StubRoutines::jbyte_disjoint_arraycopy
#
# If you would like to submit a bug report, please visit:
#   http://java.sun.com/webapps/bugreport/crash.jsp
#

---------------  T H R E A D  ---------------

Current thread (0x000000000002c000):  JavaThread "main" [_thread_in_Java, id=9600, stack(0x0000000002410000,0x0000000002510000)]

siginfo: ExceptionCode=0xc0000005, writing address 0x000000002a880040

Registers:
RAX=0x00000007cb498301, RBX=0x0000000000000001, RCX=0x0000000000000001, RDX=0x0000000000000000
RSP=0x000000000250e950, RBP=0x000000000250e950, RSI=0x000000002a880038, RDI=0x00000007cb498358
R8 =0x0000000000000001, R9 =0x0000000000000000, R10=0x00000000000003e8, R11=0x0000000000000000
R12=0x0000000000000000, R13=0x0000000000000020, R14=0x0000000000000000, R15=0x000000000002c000
RIP=0x0000000002551694, EFLAGS=0x0000000000010202

Top of Stack: (sp=0x000000000250e950)
0x000000000250e950:   0000000000000001 00000000025aa173
0x000000000250e960:   000000000250e960 0000000000000000
0x000000000250e970:   0000000000000003 000000006d9ae91e
0x000000000250e980:   00000007cb498350 00000007cb498368
0x000000000250e990:   00000007cb497ae0 0000000000000020
0x000000000250e9a0:   00000000000003e8 00000146555a7fcf
0x000000000250e9b0:   01cf7d44f45f0805 000000000002c000
0x000000000250e9c0:   0000000000000001 0000000000000001
0x000000000250e9d0:   0000000000000001 00000000025a5f20
0x000000000250e9e0:   01cf7d4400000001 0000000000000000
0x000000000250e9f0:   000000075c942b80 0000000000000001
0x000000000250ea00:   000000075c9405f0 0000000000000000
0x000000000250ea10:   00000007cb498368 00000000000003e8
0x000000000250ea20:   00000007cb497ae0 000000006d96fec3
0x000000000250ea30:   000000000002c000 000000000250eac8
0x000000000250ea40:   000000000250eac8 00000000025159c9 

Instructions: (pc=0x0000000002551694)
0x0000000002551674:   00 00 00 74 10 66 8b 47 08 66 89 46 08 48 83 c7
0x0000000002551684:   02 48 83 c6 02 f7 c1 01 00 00 00 74 06 8a 47 08
0x0000000002551694:   88 46 08 49 8b f9 49 8b f2 48 33 c0 c9 c3 66 66
0x00000000025516a4:   0f 1f 84 00 00 00 00 00 66 66 66 90 f3 0f 6f 44 


Register to memory mapping:

RAX=0x00000007cb498301 is an unknown value
RBX=0x0000000000000001 is an unknown value
RCX=0x0000000000000001 is an unknown value
RDX=0x0000000000000000 is an unknown value
RSP=0x000000000250e950 is pointing into the stack for thread: 0x000000000002c000
RBP=0x000000000250e950 is pointing into the stack for thread: 0x000000000002c000
RSI=0x000000002a880038 is an unknown value
RDI=0x00000007cb498358 is an unknown value
R8 =0x0000000000000001 is an unknown value
R9 =0x0000000000000000 is an unknown value
R10=0x00000000000003e8 is an unknown value
R11=0x0000000000000000 is an unknown value
R12=0x0000000000000000 is an unknown value
R13=0x0000000000000020 is an unknown value
R14=0x0000000000000000 is an unknown value
R15=0x000000000002c000 is a thread


Stack: [0x0000000002410000,0x0000000002510000],  sp=0x000000000250e950,  free space=1018k
Native frames: (J=compiled Java code, j=interpreted, Vv=VM code, C=native code)
v  ~StubRoutines::jbyte_disjoint_arraycopy


---------------  P R O C E S S  ---------------

Java Threads: ( => current thread )
  0x0000000006b7b800 JavaThread "ReaderThread" [_thread_in_native, id=9656, stack(0x0000000007400000,0x0000000007500000)]
  0x0000000006af5800 JavaThread "Low Memory Detector" daemon [_thread_blocked, id=9648, stack(0x0000000007090000,0x0000000007190000)]
  0x0000000006af2800 JavaThread "C2 CompilerThread1" daemon [_thread_in_native, id=9644, stack(0x0000000006f90000,0x0000000007090000)]
  0x0000000006af0800 JavaThread "C2 CompilerThread0" daemon [_thread_in_native, id=9640, stack(0x0000000006e90000,0x0000000006f90000)]
  0x0000000006aea800 JavaThread "Attach Listener" daemon [_thread_blocked, id=9636, stack(0x0000000006d90000,0x0000000006e90000)]
  0x0000000006aa0800 JavaThread "Signal Dispatcher" daemon [_thread_blocked, id=9632, stack(0x0000000006c90000,0x0000000006d90000)]
  0x00000000003c7000 JavaThread "Finalizer" daemon [_thread_blocked, id=9628, stack(0x0000000006990000,0x0000000006a90000)]
  0x00000000003c5800 JavaThread "Reference Handler" daemon [_thread_blocked, id=9624, stack(0x0000000006890000,0x0000000006990000)]
=>0x000000000002c000 JavaThread "main" [_thread_in_Java, id=9600, stack(0x0000000002410000,0x0000000002510000)]

Other Threads:
  0x00000000003be000 VMThread [stack: 0x0000000006790000,0x0000000006890000] [id=9620]
  0x0000000006b15800 WatcherThread [stack: 0x0000000007190000,0x0000000007290000] [id=9652]

VM state:not at safepoint (normal execution)

VM Mutex/Monitor currently owned by a thread: None

Heap
 PSYoungGen      total 47424K, used 4650K [0x00000007cb200000, 0x00000007d0ea0000, 0x0000000800000000)
  eden space 40704K, 7% used [0x00000007cb200000,0x00000007cb525fc8,0x00000007cd9c0000)
  from space 6720K, 21% used [0x00000007ce050000,0x00000007ce1b4b30,0x00000007ce6e0000)
  to   space 6720K, 0% used [0x00000007cd9c0000,0x00000007cd9c0000,0x00000007ce050000)
 PSOldGen        total 108288K, used 0K [0x0000000761600000, 0x0000000767fc0000, 0x00000007cb200000)
  object space 108288K, 0% used [0x0000000761600000,0x0000000761600000,0x0000000767fc0000)
 PSPermGen       total 21248K, used 5685K [0x000000075c400000, 0x000000075d8c0000, 0x0000000761600000)
  object space 21248K, 26% used [0x000000075c400000,0x000000075c98d430,0x000000075d8c0000)

Code Cache  [0x0000000002510000, 0x0000000002780000, 0x0000000005510000)
 total_blobs=431 nmethods=203 adapters=180 free_code_cache=49579008 largest_free_block=2688

Dynamic libraries:
0x0000000000400000 - 0x000000000042f000 	D:\tools\sdk\jdk1.6.0_45\bin\javaw.exe
0x0000000077300000 - 0x00000000774a9000 	C:\Windows\SYSTEM32\ntdll.dll
0x00000000771e0000 - 0x00000000772ff000 	C:\Windows\system32\kernel32.dll
0x000007fefd8f0000 - 0x000007fefd95b000 	C:\Windows\system32\KERNELBASE.dll
0x000007fefe050000 - 0x000007fefe12b000 	C:\Windows\system32\ADVAPI32.dll
0x000007fefe410000 - 0x000007fefe4af000 	C:\Windows\system32\msvcrt.dll
0x000007feff310000 - 0x000007feff32f000 	C:\Windows\SYSTEM32\sechost.dll
0x000007feff4e0000 - 0x000007feff60d000 	C:\Windows\system32\RPCRT4.dll
0x00000000770e0000 - 0x00000000771da000 	C:\Windows\system32\USER32.dll
0x000007fefe4b0000 - 0x000007fefe517000 	C:\Windows\system32\GDI32.dll
0x000007fefddb0000 - 0x000007fefddbe000 	C:\Windows\system32\LPK.dll
0x000007fefde40000 - 0x000007fefdf09000 	C:\Windows\system32\USP10.dll
0x000007fefe020000 - 0x000007fefe04e000 	C:\Windows\system32\IMM32.DLL
0x000007fefdf10000 - 0x000007fefe019000 	C:\Windows\system32\MSCTF.dll
0x000000006d8e0000 - 0x000000006e09c000 	D:\tools\sdk\jdk1.6.0_45\jre\bin\server\jvm.dll
0x000007fef9930000 - 0x000007fef996b000 	C:\Windows\system32\WINMM.dll
0x000000006d850000 - 0x000000006d85e000 	D:\tools\sdk\jdk1.6.0_45\jre\bin\verify.dll
0x000000006d460000 - 0x000000006d487000 	D:\tools\sdk\jdk1.6.0_45\jre\bin\java.dll
0x000000006d8a0000 - 0x000000006d8b2000 	D:\tools\sdk\jdk1.6.0_45\jre\bin\zip.dll
0x000000006d6c0000 - 0x000000006d6d7000 	D:\tools\sdk\jdk1.6.0_45\jre\bin\net.dll
0x000007fefe130000 - 0x000007fefe17d000 	C:\Windows\system32\WS2_32.dll
0x000007feff4d0000 - 0x000007feff4d8000 	C:\Windows\system32\NSI.dll
0x000007fefcf90000 - 0x000007fefcfe5000 	C:\Windows\system32\mswsock.dll
0x000007fefcf80000 - 0x000007fefcf87000 	C:\Windows\System32\wship6.dll
0x000007fefc990000 - 0x000007fefc997000 	C:\Windows\System32\wshtcpip.dll
0x00000000774d0000 - 0x00000000774d7000 	C:\Windows\system32\PSAPI.DLL

VM Arguments:
jvm_args: -Dfile.encoding=GBK 
java_command: org.eclipse.jdt.internal.junit.runner.RemoteTestRunner -version 3 -port 3307 -testLoaderClass org.eclipse.jdt.internal.junit4.runner.JUnit4TestLoader -loaderpluginname org.eclipse.jdt.junit4.runtime -classNames com.ctriposs.lcache.table.OffHeapMapTableTest
Launcher Type: SUN_STANDARD

Environment Variables:
JAVA_HOME=D:\tools\sdk\jdk1.7.0_45
PATH=D:\tools\Ruby193\bin;C:\Windows\system32;C:\Windows;C:\Windows\System32\Wbem;C:\Windows\System32\WindowsPowerShell\v1.0\;D:\study3\play-2.1.5;D:\tools\sdk\jdk1.7.0_45\bin;C:\Program Files\Microsoft\Web Platform Installer\;C:\Program Files (x86)\Microsoft ASP.NET\ASP.NET Web Pages\v1.0\;C:\Program Files (x86)\Windows Kits\8.0\Windows Performance Toolkit\;C:\Program Files\Microsoft SQL Server\110\Tools\Binn\;c:\Program Files (x86)\Microsoft SQL Server\100\Tools\Binn\;c:\Program Files\Microsoft SQL Server\100\Tools\Binn\;c:\Program Files\Microsoft SQL Server\100\DTS\Binn\;D:\tools\apache-maven-3.1.1\bin;D:\tools\Git\cmd;D:\tools\groovy-2.1.7\bin;D:\tools\gradle-1.11\bin;D:\tools\apache-cassandra-1.1.12\bin
USERNAME=Administrator
OS=Windows_NT
PROCESSOR_IDENTIFIER=Intel64 Family 6 Model 42 Stepping 7, GenuineIntel



---------------  S Y S T E M  ---------------

OS: Windows 7 , 64 bit Build 7601 Service Pack 1

CPU:total 4 (2 cores per cpu, 2 threads per core) family 6 model 42 stepping 7, cmov, cx8, fxsr, mmx, sse, sse2, sse3, ssse3, sse4.1, sse4.2, popcnt, ht

Memory: 4k page, physical 10394864k(6968752k free), swap 20787864k(16871836k free)

vm_info: Java HotSpot(TM) 64-Bit Server VM (20.45-b01) for windows-amd64 JRE (1.6.0_45-b06), built on Apr  1 2013 12:31:37 by "java_re" with MS VC++ 8.0 (VS2005)

time: Sun Jun 01 10:55:32 2014
elapsed time: 1 seconds

