#
# A fatal error has been detected by the Java Runtime Environment:
#
#  EXCEPTION_ACCESS_VIOLATION (0xc0000005) at pc=0x0000000002629a2a, pid=804, tid=7964
#
# JRE version: 6.0_45-b06
# Java VM: Java HotSpot(TM) 64-Bit Server VM (20.45-b01 mixed mode windows-amd64 compressed oops)
# Problematic frame:
# J  com.ctriposs.lcache.offheap.DirectOffHeapMemory.putLong(JJ)V
#
# If you would like to submit a bug report, please visit:
#   http://java.sun.com/webapps/bugreport/crash.jsp
#

---------------  T H R E A D  ---------------

Current thread (0x00000000101c7000):  JavaThread "pool-1-thread-3" [_thread_in_Java, id=7964, stack(0x0000000010910000,0x0000000010a10000)]

siginfo: ExceptionCode=0xc0000005, writing address 0x0000000007a13b28

Registers:
RAX=0x000000075c91b098, RBX=0x00000000079f1000, RCX=0x00000007cdc0bd50, RDX=0x00000007cdc0bd18
RSP=0x0000000010a0f300, RBP=0x0000000010a0f3b0, RSI=0xffffffffffffffff, RDI=0x0000000002595a0e
R8 =0x0000000000000001, R9 =0x00000000000d7d19, R10=0x00000000079f1000, R11=0x0000000000022b28
R12=0x0000000000000000, R13=0x0000000010a0f348, R14=0x000000075ca032d8, R15=0x00000000101c7000
RIP=0x0000000002629a2a, EFLAGS=0x0000000000010202

Top of Stack: (sp=0x0000000010a0f300)
0x0000000010a0f300:   0000000010a0f358 0000000002595b22
0x0000000010a0f310:   00000007cdb8b6c0 0000000010a0f318
0x0000000010a0f320:   000000075c679dac 0000000010a0f368
0x0000000010a0f330:   0000000010a0f3b0 0000000002595b22
0x0000000010a0f340:   0000000002595b22 00000000000d7d19
0x0000000010a0f350:   0000000010a0f3b0 0000000000022b28
0x0000000010a0f360:   0000000000000028 00000007cdc0bd18
0x0000000010a0f370:   0000000010a0f370 000000075c7f186e
0x0000000010a0f380:   0000000010a0f450 000000075c8ede38
0x0000000010a0f390:   000000075ca032d8 000000075c7f1a10
0x0000000010a0f3a0:   0000000010a0f348 0000000010a0f460
0x0000000010a0f3b0:   0000000000000035 000000000264b31c
0x0000000010a0f3c0:   0000000000000000 0000000000022b28
0x0000000010a0f3d0:   0000000000000000 0000000000000005
0x0000000010a0f3e0:   000000000000013b 00000000000d7d19
0x0000000010a0f3f0:   0000000000000000 0000000000000de1 

Instructions: (pc=0x0000000002629a2a)
0x0000000002629a0a:   8b 59 1c 45 2b da 41 83 fb 08 7c 3b 48 8b 59 10
0x0000000002629a1a:   44 0f b6 41 2a 4d 63 da 45 85 c0 74 42 4c 8b d3
0x0000000002629a2a:   4f 89 0c 1a 48 83 c4 30 5d 85 05 c7 65 be fd c3
0x0000000002629a3a:   ba de ff ff ff 8b e9 44 89 14 24 4c 89 4c 24 08 


Register to memory mapping:

RAX=0x000000075c91b098 is an oop
{method} 
 - klass: {other class}
RBX=0x00000000079f1000 is an unknown value
RCX=0x00000007cdc0bd50 is an oop
java.nio.DirectByteBuffer 
 - klass: 'java/nio/DirectByteBuffer'
RDX=0x00000007cdc0bd18 is an oop
com.ctriposs.lcache.offheap.DirectOffHeapMemory 
 - klass: 'com/ctriposs/lcache/offheap/DirectOffHeapMemory'
RSP=0x0000000010a0f300 is pointing into the stack for thread: 0x00000000101c7000
RBP=0x0000000010a0f3b0 is pointing into the stack for thread: 0x00000000101c7000
RSI=0xffffffffffffffff is an unknown value
RDI=0x0000000002595a0e is an Interpreter codelet
return entry points  [0x00000000025951e0, 0x00000000025967a0]  5568 bytes
R8 =0x0000000000000001 is an unknown value
R9 =0x00000000000d7d19 is an unknown value
R10=0x00000000079f1000 is an unknown value
R11=0x0000000000022b28 is an unknown value
R12=0x0000000000000000 is an unknown value
R13=0x0000000010a0f348 is pointing into the stack for thread: 0x00000000101c7000
R14=0x000000075ca032d8 is an oop
{method data} 
 - klass: {other class}
R15=0x00000000101c7000 is a thread


Stack: [0x0000000010910000,0x0000000010a10000],  sp=0x0000000010a0f300,  free space=1020k
Native frames: (J=compiled Java code, j=interpreted, Vv=VM code, C=native code)
J  com.ctriposs.lcache.offheap.DirectOffHeapMemory.putLong(JJ)V


---------------  P R O C E S S  ---------------

Java Threads: ( => current thread )
  0x000000000794c000 JavaThread "pool-1-thread-4" [_thread_in_Java, id=7448, stack(0x0000000010a10000,0x0000000010b10000)]
=>0x00000000101c7000 JavaThread "pool-1-thread-3" [_thread_in_Java, id=7964, stack(0x0000000010910000,0x0000000010a10000)]
  0x0000000010061800 JavaThread "pool-1-thread-2" [_thread_blocked, id=11660, stack(0x0000000010810000,0x0000000010910000)]
  0x00000000101c6000 JavaThread "pool-1-thread-1" [_thread_in_Java, id=7392, stack(0x0000000010710000,0x0000000010810000)]
  0x0000000006b74800 JavaThread "Low Memory Detector" daemon [_thread_blocked, id=12204, stack(0x0000000007110000,0x0000000007210000)]
  0x0000000006b6d000 JavaThread "C2 CompilerThread1" daemon [_thread_blocked, id=4156, stack(0x0000000007010000,0x0000000007110000)]
  0x0000000006b25000 JavaThread "C2 CompilerThread0" daemon [_thread_blocked, id=6088, stack(0x0000000006f10000,0x0000000007010000)]
  0x0000000006b24000 JavaThread "Attach Listener" daemon [_thread_blocked, id=10544, stack(0x0000000006e10000,0x0000000006f10000)]
  0x0000000006b1e800 JavaThread "Signal Dispatcher" daemon [_thread_blocked, id=7548, stack(0x0000000006d10000,0x0000000006e10000)]
  0x0000000000397000 JavaThread "Finalizer" daemon [_thread_blocked, id=8924, stack(0x0000000006a10000,0x0000000006b10000)]
  0x0000000000395800 JavaThread "Reference Handler" daemon [_thread_blocked, id=10936, stack(0x0000000006910000,0x0000000006a10000)]
  0x000000000029c000 JavaThread "main" [_thread_blocked, id=10516, stack(0x0000000002490000,0x0000000002590000)]

Other Threads:
  0x000000000038e000 VMThread [stack: 0x0000000006810000,0x0000000006910000] [id=6024]
  0x0000000006b78800 WatcherThread [stack: 0x0000000007210000,0x0000000007310000] [id=5516]

VM state:not at safepoint (normal execution)

VM Mutex/Monitor currently owned by a thread: None

Heap
 PSYoungGen      total 330368K, used 108128K [0x00000007cb200000, 0x00000007dfb00000, 0x0000000800000000)
  eden space 324416K, 33% used [0x00000007cb200000,0x00000007d1ad0298,0x00000007deed0000)
  from space 5952K, 13% used [0x00000007df4d0000,0x00000007df598000,0x00000007dfaa0000)
  to   space 6144K, 0% used [0x00000007deed0000,0x00000007deed0000,0x00000007df4d0000)
 PSOldGen        total 108288K, used 3940K [0x0000000761600000, 0x0000000767fc0000, 0x00000007cb200000)
  object space 108288K, 3% used [0x0000000761600000,0x00000007619d91a0,0x0000000767fc0000)
 PSPermGen       total 21248K, used 6632K [0x000000075c400000, 0x000000075d8c0000, 0x0000000761600000)
  object space 21248K, 31% used [0x000000075c400000,0x000000075ca7a338,0x000000075d8c0000)

Code Cache  [0x0000000002590000, 0x0000000002800000, 0x0000000005590000)
 total_blobs=617 nmethods=383 adapters=187 free_code_cache=49166976 largest_free_block=12736

Dynamic libraries:
0x0000000000400000 - 0x000000000042f000 	D:\tools\sdk\jdk1.6.0_45\bin\javaw.exe
0x0000000076f90000 - 0x0000000077139000 	C:\Windows\SYSTEM32\ntdll.dll
0x0000000076e70000 - 0x0000000076f8f000 	C:\Windows\system32\kernel32.dll
0x000007fefd6b0000 - 0x000007fefd71b000 	C:\Windows\system32\KERNELBASE.dll
0x000007fefdc60000 - 0x000007fefdd3b000 	C:\Windows\system32\ADVAPI32.dll
0x000007fefef80000 - 0x000007feff01f000 	C:\Windows\system32\msvcrt.dll
0x000007fefed50000 - 0x000007fefed6f000 	C:\Windows\SYSTEM32\sechost.dll
0x000007fefd7c0000 - 0x000007fefd8ed000 	C:\Windows\system32\RPCRT4.dll
0x0000000076a00000 - 0x0000000076afa000 	C:\Windows\system32\USER32.dll
0x000007feff020000 - 0x000007feff087000 	C:\Windows\system32\GDI32.dll
0x000007feff230000 - 0x000007feff23e000 	C:\Windows\system32\LPK.dll
0x000007feff0c0000 - 0x000007feff189000 	C:\Windows\system32\USP10.dll
0x000007feff090000 - 0x000007feff0be000 	C:\Windows\system32\IMM32.DLL
0x000007fefedd0000 - 0x000007fefeed9000 	C:\Windows\system32\MSCTF.dll
0x000000006d8e0000 - 0x000000006e09c000 	D:\tools\sdk\jdk1.6.0_45\jre\bin\server\jvm.dll
0x000007fefa100000 - 0x000007fefa13b000 	C:\Windows\system32\WINMM.dll
0x000000006d850000 - 0x000000006d85e000 	D:\tools\sdk\jdk1.6.0_45\jre\bin\verify.dll
0x000000006d460000 - 0x000000006d487000 	D:\tools\sdk\jdk1.6.0_45\jre\bin\java.dll
0x000000006d8a0000 - 0x000000006d8b2000 	D:\tools\sdk\jdk1.6.0_45\jre\bin\zip.dll
0x000000006d6c0000 - 0x000000006d6d7000 	D:\tools\sdk\jdk1.6.0_45\jre\bin\net.dll
0x000007feff240000 - 0x000007feff28d000 	C:\Windows\system32\WS2_32.dll
0x000007feff290000 - 0x000007feff298000 	C:\Windows\system32\NSI.dll
0x000007fefcc60000 - 0x000007fefccb5000 	C:\Windows\system32\mswsock.dll
0x000007fefcc50000 - 0x000007fefcc57000 	C:\Windows\System32\wship6.dll
0x000007fefc620000 - 0x000007fefc627000 	C:\Windows\System32\wshtcpip.dll
0x00000000695c0000 - 0x0000000069664000 	C:\Users\Administrator\AppData\Local\Temp\snappy-1.0.4.1-snappyjava.dll
0x0000000077150000 - 0x0000000077157000 	C:\Windows\system32\PSAPI.DLL

VM Arguments:
jvm_args: -Dfile.encoding=GBK 
java_command: org.eclipse.jdt.internal.junit.runner.RemoteTestRunner -version 3 -port 11176 -testLoaderClass org.eclipse.jdt.internal.junit4.runner.JUnit4TestLoader -loaderpluginname org.eclipse.jdt.junit4.runtime -classNames com.ctriposs.lcache.table.HashMapTablePerfTest
Launcher Type: SUN_STANDARD

Environment Variables:
JAVA_HOME=D:\tools\sdk\jdk1.7.0_45
PATH=D:\tools\Ruby193\bin;C:\Windows\system32;C:\Windows;C:\Windows\System32\Wbem;C:\Windows\System32\WindowsPowerShell\v1.0\;D:\study3\play-2.1.5;D:\tools\sdk\jdk1.7.0_45\bin;C:\Program Files\Microsoft\Web Platform Installer\;C:\Program Files (x86)\Microsoft ASP.NET\ASP.NET Web Pages\v1.0\;C:\Program Files (x86)\Windows Kits\8.0\Windows Performance Toolkit\;C:\Program Files\Microsoft SQL Server\110\Tools\Binn\;c:\Program Files (x86)\Microsoft SQL Server\100\Tools\Binn\;c:\Program Files\Microsoft SQL Server\100\Tools\Binn\;c:\Program Files\Microsoft SQL Server\100\DTS\Binn\;D:\tools\apache-maven-3.1.1\bin;D:\tools\Git\cmd;D:\tools\groovy-2.1.7\bin;D:\tools\gradle-1.11\bin;D:\tools\apache-cassandra-1.1.12\bin
USERNAME=Administrator
OS=Windows_NT
PROCESSOR_IDENTIFIER=Intel64 Family 6 Model 42 Stepping 7, GenuineIntel



---------------  S Y S T E M  ---------------

OS: Windows 7 , 64 bit Build 7601 Service Pack 1

CPU:total 4 (2 cores per cpu, 2 threads per core) family 6 model 42 stepping 7, cmov, cx8, fxsr, mmx, sse, sse2, sse3, ssse3, sse4.1, sse4.2, popcnt, ht

Memory: 4k page, physical 10394864k(7598328k free), swap 20787864k(17392040k free)

vm_info: Java HotSpot(TM) 64-Bit Server VM (20.45-b01) for windows-amd64 JRE (1.6.0_45-b06), built on Apr  1 2013 12:31:37 by "java_re" with MS VC++ 8.0 (VS2005)

time: Sun Jun 01 03:29:20 2014
elapsed time: 2 seconds

