#
# A fatal error has been detected by the Java Runtime Environment:
#
#  EXCEPTION_ACCESS_VIOLATION (0xc0000005) at pc=0x000000000262e3a2, pid=6920, tid=3064
#
# JRE version: 6.0_45-b06
# Java VM: Java HotSpot(TM) 64-Bit Server VM (20.45-b01 mixed mode windows-amd64 compressed oops)
# Problematic frame:
# J  com.ctriposs.lcache.table.HashMapTable.get([B)Lcom/ctriposs/lcache/table/GetResult;
#
# If you would like to submit a bug report, please visit:
#   http://java.sun.com/webapps/bugreport/crash.jsp
#

---------------  T H R E A D  ---------------

Current thread (0x00000000101ad000):  JavaThread "pool-1-thread-3" [_thread_in_Java, id=3064, stack(0x0000000010930000,0x0000000010a30000)]

siginfo: ExceptionCode=0xc0000005, reading address 0x0000000007a2fb8c

Registers:
RAX=0x00000007cf6ffc38, RBX=0x000000000001eb8c, RCX=0x00000000f9b81ac4, RDX=0x000000000000000a
RSP=0x0000000010a2f410, RBP=0x00000000f9b81acb, RSI=0x00000007cf492e20, RDI=0x0000000000000030
R8 =0x000000000001eb68, R9 =0x0000000007a11000, R10=0x00000007cdc0d658, R11=0x0000000000500000
R12=0x0000000000000000, R13=0x0000000010a2f4a0, R14=0x000000075ca6eb08, R15=0x00000000101ad000
RIP=0x000000000262e3a2, EFLAGS=0x0000000000010283

Top of Stack: (sp=0x0000000010a2f410)
0x0000000010a2f410:   0000000000000000 000000075c5532b0
0x0000000010a2f420:   00000007ce4e3ed8 000000000000000a
0x0000000010a2f430:   00000007cf6ffbe0 00000007cf6ffc38
0x0000000010a2f440:   000000070000000a 0000000000000c49
0x0000000010a2f450:   000000000000000a 00000007cdb8cf78
0x0000000010a2f460:   00000007cf6ffc00 00000007cf6ffb30
0x0000000010a2f470:   0000000010a2f4f0 0000000002525b22
0x0000000010a2f480:   0000000010a2f4f0 00000000025259c9
0x0000000010a2f490:   00000000025259c9 00000000025259c9
0x0000000010a2f4a0:   00000007cf6ffbe0 00000007cdb8cf78
0x0000000010a2f4b0:   0000000010a2f4b0 000000075ca65cb8
0x0000000010a2f4c0:   0000000010a2f528 000000075ca661b0
0x0000000010a2f4d0:   000000075ca6eb08 000000075ca65e20
0x0000000010a2f4e0:   0000000010a2f4a0 0000000010a2f528
0x0000000010a2f4f0:   0000000010a2f570 0000000002525ffc
0x0000000010a2f500:   00000007cf6ff0d8 00000007cf6fd090 

Instructions: (pc=0x000000000262e3a2)
0x000000000262e382:   00 00 4d 8d 14 ec 45 85 c9 0f 8c a4 07 00 00 45
0x000000000262e392:   8b 5a 1c 45 3b cb 0f 8d 97 07 00 00 4d 8b 4a 10
0x000000000262e3a2:   41 0f b6 1c 19 f7 c3 04 00 00 00 0f 84 2a 09 00
0x000000000262e3b2:   00 45 85 c0 0f 8c 99 07 00 00 45 2b d8 41 83 fb 


Register to memory mapping:

RAX=0x00000007cf6ffc38 is an oop
com.ctriposs.lcache.table.OffHeapMapEntryImpl 
 - klass: 'com/ctriposs/lcache/table/OffHeapMapEntryImpl'
RBX=0x000000000001eb8c is an unknown value
RCX=0x00000000f9b81ac4 is an unknown value
RDX=0x000000000000000a is an unknown value
RSP=0x0000000010a2f410 is pointing into the stack for thread: 0x00000000101ad000
RBP=0x00000000f9b81acb is an unknown value
RSI=0x00000007cf492e20 is an oop
[B 
 - klass: {type array byte}
 - length: 10
RDI=0x0000000000000030 is an unknown value
R8 =0x000000000001eb68 is an unknown value
R9 =0x0000000007a11000 is an unknown value
R10=0x00000007cdc0d658 is an oop
java.nio.DirectByteBuffer 
 - klass: 'java/nio/DirectByteBuffer'
R11=0x0000000000500000 is an unknown value
R12=0x0000000000000000 is an unknown value
R13=0x0000000010a2f4a0 is pointing into the stack for thread: 0x00000000101ad000
R14=0x000000075ca6eb08 is an oop
{method data} 
 - klass: {other class}
R15=0x00000000101ad000 is a thread


Stack: [0x0000000010930000,0x0000000010a30000],  sp=0x0000000010a2f410,  free space=1021k
Native frames: (J=compiled Java code, j=interpreted, Vv=VM code, C=native code)
J  com.ctriposs.lcache.table.HashMapTable.get([B)Lcom/ctriposs/lcache/table/GetResult;


---------------  P R O C E S S  ---------------

Java Threads: ( => current thread )
  0x00000000101ae000 JavaThread "pool-1-thread-4" [_thread_blocked, id=6428, stack(0x0000000010a30000,0x0000000010b30000)]
=>0x00000000101ad000 JavaThread "pool-1-thread-3" [_thread_in_Java, id=3064, stack(0x0000000010930000,0x0000000010a30000)]
  0x00000000101ed000 JavaThread "pool-1-thread-2" [_thread_in_Java, id=11196, stack(0x0000000010830000,0x0000000010930000)]
  0x00000000100f1000 JavaThread "pool-1-thread-1" [_thread_in_Java, id=11716, stack(0x0000000010730000,0x0000000010830000)]
  0x0000000006b0f800 JavaThread "Low Memory Detector" daemon [_thread_blocked, id=8648, stack(0x00000000070a0000,0x00000000071a0000)]
  0x0000000006b04800 JavaThread "C2 CompilerThread1" daemon [_thread_blocked, id=11468, stack(0x0000000006fa0000,0x00000000070a0000)]
  0x0000000006b03000 JavaThread "C2 CompilerThread0" daemon [_thread_blocked, id=5780, stack(0x0000000006ea0000,0x0000000006fa0000)]
  0x0000000006ab8800 JavaThread "Attach Listener" daemon [_thread_blocked, id=6872, stack(0x0000000006da0000,0x0000000006ea0000)]
  0x0000000006ab3000 JavaThread "Signal Dispatcher" daemon [_thread_blocked, id=3120, stack(0x0000000006ca0000,0x0000000006da0000)]
  0x000000000052c000 JavaThread "Finalizer" daemon [_thread_blocked, id=11436, stack(0x00000000069a0000,0x0000000006aa0000)]
  0x000000000052a800 JavaThread "Reference Handler" daemon [_thread_blocked, id=6752, stack(0x00000000068a0000,0x00000000069a0000)]
  0x000000000025c000 JavaThread "main" [_thread_blocked, id=10816, stack(0x0000000002420000,0x0000000002520000)]

Other Threads:
  0x0000000000523800 VMThread [stack: 0x00000000067a0000,0x00000000068a0000] [id=4592]
  0x0000000006b10800 WatcherThread [stack: 0x00000000071a0000,0x00000000072a0000] [id=9524]

VM state:not at safepoint (normal execution)

VM Mutex/Monitor currently owned by a thread: None

Heap
 PSYoungGen      total 330368K, used 95151K [0x00000007cb200000, 0x00000007dfb00000, 0x0000000800000000)
  eden space 324416K, 29% used [0x00000007cb200000,0x00000007d0e23e88,0x00000007deed0000)
  from space 5952K, 13% used [0x00000007df4d0000,0x00000007df598000,0x00000007dfaa0000)
  to   space 6144K, 0% used [0x00000007deed0000,0x00000007deed0000,0x00000007df4d0000)
 PSOldGen        total 108288K, used 3948K [0x0000000761600000, 0x0000000767fc0000, 0x00000007cb200000)
  object space 108288K, 3% used [0x0000000761600000,0x00000007619db1a0,0x0000000767fc0000)
 PSPermGen       total 21248K, used 6627K [0x000000075c400000, 0x000000075d8c0000, 0x0000000761600000)
  object space 21248K, 31% used [0x000000075c400000,0x000000075ca78e58,0x000000075d8c0000)

Code Cache  [0x0000000002520000, 0x0000000002790000, 0x0000000005520000)
 total_blobs=630 nmethods=396 adapters=187 free_code_cache=49148096 largest_free_block=13056

Dynamic libraries:
0x0000000000400000 - 0x000000000042f000 	D:\tools\sdk\jdk1.6.0_45\bin\javaw.exe
0x0000000076f90000 - 0x0000000077139000 	C:\Windows\SYSTEM32\ntdll.dll
0x0000000076e70000 - 0x0000000076f8f000 	C:\Windows\system32\kernel32.dll
0x000007fefd6b0000 - 0x000007fefd71b000 	C:\Windows\system32\KERNELBASE.dll
0x000007fefdc60000 - 0x000007fefdd3b000 	C:\Windows\system32\ADVAPI32.dll
0x000007fefef80000 - 0x000007feff01f000 	C:\Windows\system32\msvcrt.dll
0x000007fefed50000 - 0x000007fefed6f000 	C:\Windows\SYSTEM32\sechost.dll
0x000007fefd7c0000 - 0x000007fefd8ed000 	C:\Windows\system32\RPCRT4.dll
0x0000000076a00000 - 0x0000000076afa000 	C:\Windows\system32\USER32.dll
0x000007feff020000 - 0x000007feff087000 	C:\Windows\system32\GDI32.dll
0x000007feff230000 - 0x000007feff23e000 	C:\Windows\system32\LPK.dll
0x000007feff0c0000 - 0x000007feff189000 	C:\Windows\system32\USP10.dll
0x000007feff090000 - 0x000007feff0be000 	C:\Windows\system32\IMM32.DLL
0x000007fefedd0000 - 0x000007fefeed9000 	C:\Windows\system32\MSCTF.dll
0x000000006d8e0000 - 0x000000006e09c000 	D:\tools\sdk\jdk1.6.0_45\jre\bin\server\jvm.dll
0x000007fefa100000 - 0x000007fefa13b000 	C:\Windows\system32\WINMM.dll
0x000000006d850000 - 0x000000006d85e000 	D:\tools\sdk\jdk1.6.0_45\jre\bin\verify.dll
0x000000006d460000 - 0x000000006d487000 	D:\tools\sdk\jdk1.6.0_45\jre\bin\java.dll
0x000000006d8a0000 - 0x000000006d8b2000 	D:\tools\sdk\jdk1.6.0_45\jre\bin\zip.dll
0x000000006d6c0000 - 0x000000006d6d7000 	D:\tools\sdk\jdk1.6.0_45\jre\bin\net.dll
0x000007feff240000 - 0x000007feff28d000 	C:\Windows\system32\WS2_32.dll
0x000007feff290000 - 0x000007feff298000 	C:\Windows\system32\NSI.dll
0x000007fefcc60000 - 0x000007fefccb5000 	C:\Windows\system32\mswsock.dll
0x000007fefcc50000 - 0x000007fefcc57000 	C:\Windows\System32\wship6.dll
0x000007fefc620000 - 0x000007fefc627000 	C:\Windows\System32\wshtcpip.dll
0x00000000695c0000 - 0x0000000069664000 	C:\Users\Administrator\AppData\Local\Temp\snappy-1.0.4.1-snappyjava.dll
0x0000000077150000 - 0x0000000077157000 	C:\Windows\system32\PSAPI.DLL

VM Arguments:
jvm_args: -Dfile.encoding=GBK 
java_command: org.eclipse.jdt.internal.junit.runner.RemoteTestRunner -version 3 -port 11174 -testLoaderClass org.eclipse.jdt.internal.junit4.runner.JUnit4TestLoader -loaderpluginname org.eclipse.jdt.junit4.runtime -classNames com.ctriposs.lcache.table.HashMapTablePerfTest
Launcher Type: SUN_STANDARD

Environment Variables:
JAVA_HOME=D:\tools\sdk\jdk1.7.0_45
PATH=D:\tools\Ruby193\bin;C:\Windows\system32;C:\Windows;C:\Windows\System32\Wbem;C:\Windows\System32\WindowsPowerShell\v1.0\;D:\study3\play-2.1.5;D:\tools\sdk\jdk1.7.0_45\bin;C:\Program Files\Microsoft\Web Platform Installer\;C:\Program Files (x86)\Microsoft ASP.NET\ASP.NET Web Pages\v1.0\;C:\Program Files (x86)\Windows Kits\8.0\Windows Performance Toolkit\;C:\Program Files\Microsoft SQL Server\110\Tools\Binn\;c:\Program Files (x86)\Microsoft SQL Server\100\Tools\Binn\;c:\Program Files\Microsoft SQL Server\100\Tools\Binn\;c:\Program Files\Microsoft SQL Server\100\DTS\Binn\;D:\tools\apache-maven-3.1.1\bin;D:\tools\Git\cmd;D:\tools\groovy-2.1.7\bin;D:\tools\gradle-1.11\bin;D:\tools\apache-cassandra-1.1.12\bin
USERNAME=Administrator
OS=Windows_NT
PROCESSOR_IDENTIFIER=Intel64 Family 6 Model 42 Stepping 7, GenuineIntel



---------------  S Y S T E M  ---------------

OS: Windows 7 , 64 bit Build 7601 Service Pack 1

CPU:total 4 (2 cores per cpu, 2 threads per core) family 6 model 42 stepping 7, cmov, cx8, fxsr, mmx, sse, sse2, sse3, ssse3, sse4.1, sse4.2, popcnt, ht

Memory: 4k page, physical 10394864k(7582200k free), swap 20787864k(17383032k free)

vm_info: Java HotSpot(TM) 64-Bit Server VM (20.45-b01) for windows-amd64 JRE (1.6.0_45-b06), built on Apr  1 2013 12:31:37 by "java_re" with MS VC++ 8.0 (VS2005)

time: Sun Jun 01 03:29:01 2014
elapsed time: 2 seconds

